<?xml version="1.0" encoding="UTF-8"?>
<!-- Generated by org.testng.reporters.JUnitReportReporter -->
<testsuite hostname="UDAYCHAUHAN" failures="0" tests="1" name="test.day2" time="0.010" errors="0" timestamp="2025-03-31T12:18:25 IST" skipped="0">
  <testcase classname="test.day2" name="pLoan" time="0.010"/>
</testsuite> <!-- test.day2 -->
