<?xml version="1.0" encoding="UTF-8"?>
<!-- Generated by org.testng.reporters.JUnitReportReporter -->
<testsuite hostname="UDAYCHAUHAN" failures="0" tests="7" name="test.day3" time="0.025" errors="0" timestamp="2025-03-31T12:18:25 IST" skipped="1">
  <testcase classname="test.day3" name="mobileSignOutCarLoan" time="0.006"/>
  <testcase classname="test.day3" name="mobileSignOutCarLoan" time="0.003"/>
  <testcase classname="test.day3" name="mobileLoginCarLoan" time="0.006"/>
  <testcase classname="test.day3" name="mobileSignOutCarLoan" time="0.003"/>
  <testcase classname="test.day3" name="loginAPICarLoan" time="0.002"/>
  <testcase classname="test.day3" name="webLoginCarLoan" time="0.005"/>
  <testcase classname="test.day3" name="mobileSignInCarLoan">
    <skipped/>
  </testcase> <!-- mobileSignInCarLoan -->
</testsuite> <!-- test.day3 -->
